[2025-09-08 08:04:12] production.ERROR: The C:\laragon\www\legacy-app\bootstrap\cache directory must be present and writable. {"exception":"[object] (Exception(code: 0): The C:\\laragon\\www\\legacy-app\\bootstrap\\cache directory must be present and writable. at C:\\laragon\\www\\legacy-app\\vendor\\laravel\\framework\\src\\Illuminate\\Foundation\\PackageManifest.php:178)
[stacktrace]
#0 C:\\laragon\\www\\legacy-app\\vendor\\laravel\\framework\\src\\Illuminate\\Foundation\\PackageManifest.php(131): Illuminate\\Foundation\\PackageManifest->write(Array)
#1 C:\\laragon\\www\\legacy-app\\vendor\\laravel\\framework\\src\\Illuminate\\Foundation\\PackageManifest.php(107): Illuminate\\Foundation\\PackageManifest->build()
#2 C:\\laragon\\www\\legacy-app\\vendor\\laravel\\framework\\src\\Illuminate\\Foundation\\PackageManifest.php(90): Illuminate\\Foundation\\PackageManifest->getManifest()
#3 C:\\laragon\\www\\legacy-app\\vendor\\laravel\\framework\\src\\Illuminate\\Foundation\\PackageManifest.php(79): Illuminate\\Foundation\\PackageManifest->config('aliases')
#4 C:\\laragon\\www\\legacy-app\\vendor\\laravel\\framework\\src\\Illuminate\\Foundation\\Bootstrap\\RegisterFacades.php(26): Illuminate\\Foundation\\PackageManifest->aliases()
#5 C:\\laragon\\www\\legacy-app\\vendor\\laravel\\framework\\src\\Illuminate\\Foundation\\Application.php(261): Illuminate\\Foundation\\Bootstrap\\RegisterFacades->bootstrap(Object(Illuminate\\Foundation\\Application))
#6 C:\\laragon\\www\\legacy-app\\vendor\\laravel\\framework\\src\\Illuminate\\Foundation\\Console\\Kernel.php(447): Illuminate\\Foundation\\Application->bootstrapWith(Array)
#7 C:\\laragon\\www\\legacy-app\\vendor\\laravel\\framework\\src\\Illuminate\\Foundation\\Console\\Kernel.php(199): Illuminate\\Foundation\\Console\\Kernel->bootstrap()
#8 C:\\laragon\\www\\legacy-app\\artisan(35): Illuminate\\Foundation\\Console\\Kernel->handle(Object(Symfony\\Component\\Console\\Input\\ArgvInput), Object(Symfony\\Component\\Console\\Output\\ConsoleOutput))
#9 {main}
"} 
[2025-09-08 08:13:09] production.ERROR: The C:\laragon\www\legacy-app\bootstrap\cache directory must be present and writable. {"exception":"[object] (Exception(code: 0): The C:\\laragon\\www\\legacy-app\\bootstrap\\cache directory must be present and writable. at C:\\laragon\\www\\legacy-app\\vendor\\laravel\\framework\\src\\Illuminate\\Foundation\\PackageManifest.php:178)
[stacktrace]
#0 C:\\laragon\\www\\legacy-app\\vendor\\laravel\\framework\\src\\Illuminate\\Foundation\\PackageManifest.php(131): Illuminate\\Foundation\\PackageManifest->write(Array)
#1 C:\\laragon\\www\\legacy-app\\vendor\\laravel\\framework\\src\\Illuminate\\Foundation\\PackageManifest.php(107): Illuminate\\Foundation\\PackageManifest->build()
#2 C:\\laragon\\www\\legacy-app\\vendor\\laravel\\framework\\src\\Illuminate\\Foundation\\PackageManifest.php(90): Illuminate\\Foundation\\PackageManifest->getManifest()
#3 C:\\laragon\\www\\legacy-app\\vendor\\laravel\\framework\\src\\Illuminate\\Foundation\\PackageManifest.php(79): Illuminate\\Foundation\\PackageManifest->config('aliases')
#4 C:\\laragon\\www\\legacy-app\\vendor\\laravel\\framework\\src\\Illuminate\\Foundation\\Bootstrap\\RegisterFacades.php(26): Illuminate\\Foundation\\PackageManifest->aliases()
#5 C:\\laragon\\www\\legacy-app\\vendor\\laravel\\framework\\src\\Illuminate\\Foundation\\Application.php(261): Illuminate\\Foundation\\Bootstrap\\RegisterFacades->bootstrap(Object(Illuminate\\Foundation\\Application))
#6 C:\\laragon\\www\\legacy-app\\vendor\\laravel\\framework\\src\\Illuminate\\Foundation\\Console\\Kernel.php(447): Illuminate\\Foundation\\Application->bootstrapWith(Array)
#7 C:\\laragon\\www\\legacy-app\\vendor\\laravel\\framework\\src\\Illuminate\\Foundation\\Console\\Kernel.php(199): Illuminate\\Foundation\\Console\\Kernel->bootstrap()
#8 Command line code(1): Illuminate\\Foundation\\Console\\Kernel->handle(Object(Symfony\\Component\\Console\\Input\\ArgvInput), Object(Symfony\\Component\\Console\\Output\\ConsoleOutput))
#9 {main}
"} 
[2025-09-08 08:13:09] production.ERROR: The C:\laragon\www\legacy-app\bootstrap\cache directory must be present and writable. {"exception":"[object] (Exception(code: 0): The C:\\laragon\\www\\legacy-app\\bootstrap\\cache directory must be present and writable. at C:\\laragon\\www\\legacy-app\\vendor\\laravel\\framework\\src\\Illuminate\\Foundation\\PackageManifest.php:178)
[stacktrace]
#0 C:\\laragon\\www\\legacy-app\\vendor\\laravel\\framework\\src\\Illuminate\\Foundation\\PackageManifest.php(131): Illuminate\\Foundation\\PackageManifest->write(Array)
#1 C:\\laragon\\www\\legacy-app\\vendor\\laravel\\framework\\src\\Illuminate\\Foundation\\PackageManifest.php(107): Illuminate\\Foundation\\PackageManifest->build()
#2 C:\\laragon\\www\\legacy-app\\vendor\\laravel\\framework\\src\\Illuminate\\Foundation\\PackageManifest.php(90): Illuminate\\Foundation\\PackageManifest->getManifest()
#3 C:\\laragon\\www\\legacy-app\\vendor\\laravel\\framework\\src\\Illuminate\\Foundation\\PackageManifest.php(79): Illuminate\\Foundation\\PackageManifest->config('aliases')
#4 C:\\laragon\\www\\legacy-app\\vendor\\laravel\\framework\\src\\Illuminate\\Foundation\\Bootstrap\\RegisterFacades.php(26): Illuminate\\Foundation\\PackageManifest->aliases()
#5 C:\\laragon\\www\\legacy-app\\vendor\\laravel\\framework\\src\\Illuminate\\Foundation\\Application.php(261): Illuminate\\Foundation\\Bootstrap\\RegisterFacades->bootstrap(Object(Illuminate\\Foundation\\Application))
#6 C:\\laragon\\www\\legacy-app\\vendor\\laravel\\framework\\src\\Illuminate\\Foundation\\Console\\Kernel.php(447): Illuminate\\Foundation\\Application->bootstrapWith(Array)
#7 C:\\laragon\\www\\legacy-app\\vendor\\laravel\\framework\\src\\Illuminate\\Foundation\\Console\\Kernel.php(199): Illuminate\\Foundation\\Console\\Kernel->bootstrap()
#8 Command line code(1): Illuminate\\Foundation\\Console\\Kernel->handle(Object(Symfony\\Component\\Console\\Input\\ArgvInput), Object(Symfony\\Component\\Console\\Output\\ConsoleOutput))
#9 {main}
"} 
[2025-09-08 08:13:09] production.ERROR: The C:\laragon\www\legacy-app\bootstrap\cache directory must be present and writable. {"exception":"[object] (Exception(code: 0): The C:\\laragon\\www\\legacy-app\\bootstrap\\cache directory must be present and writable. at C:\\laragon\\www\\legacy-app\\vendor\\laravel\\framework\\src\\Illuminate\\Foundation\\PackageManifest.php:178)
[stacktrace]
#0 C:\\laragon\\www\\legacy-app\\vendor\\laravel\\framework\\src\\Illuminate\\Foundation\\PackageManifest.php(131): Illuminate\\Foundation\\PackageManifest->write(Array)
#1 C:\\laragon\\www\\legacy-app\\vendor\\laravel\\framework\\src\\Illuminate\\Foundation\\PackageManifest.php(107): Illuminate\\Foundation\\PackageManifest->build()
#2 C:\\laragon\\www\\legacy-app\\vendor\\laravel\\framework\\src\\Illuminate\\Foundation\\PackageManifest.php(90): Illuminate\\Foundation\\PackageManifest->getManifest()
#3 C:\\laragon\\www\\legacy-app\\vendor\\laravel\\framework\\src\\Illuminate\\Foundation\\PackageManifest.php(79): Illuminate\\Foundation\\PackageManifest->config('aliases')
#4 C:\\laragon\\www\\legacy-app\\vendor\\laravel\\framework\\src\\Illuminate\\Foundation\\Bootstrap\\RegisterFacades.php(26): Illuminate\\Foundation\\PackageManifest->aliases()
#5 C:\\laragon\\www\\legacy-app\\vendor\\laravel\\framework\\src\\Illuminate\\Foundation\\Application.php(261): Illuminate\\Foundation\\Bootstrap\\RegisterFacades->bootstrap(Object(Illuminate\\Foundation\\Application))
#6 C:\\laragon\\www\\legacy-app\\vendor\\laravel\\framework\\src\\Illuminate\\Foundation\\Console\\Kernel.php(447): Illuminate\\Foundation\\Application->bootstrapWith(Array)
#7 C:\\laragon\\www\\legacy-app\\vendor\\laravel\\framework\\src\\Illuminate\\Foundation\\Console\\Kernel.php(199): Illuminate\\Foundation\\Console\\Kernel->bootstrap()
#8 Command line code(1): Illuminate\\Foundation\\Console\\Kernel->handle(Object(Symfony\\Component\\Console\\Input\\ArgvInput), Object(Symfony\\Component\\Console\\Output\\ConsoleOutput))
#9 {main}
"} 
[2025-09-08 08:13:09] production.ERROR: The C:\laragon\www\legacy-app\bootstrap\cache directory must be present and writable. {"exception":"[object] (Exception(code: 0): The C:\\laragon\\www\\legacy-app\\bootstrap\\cache directory must be present and writable. at C:\\laragon\\www\\legacy-app\\vendor\\laravel\\framework\\src\\Illuminate\\Foundation\\PackageManifest.php:178)
[stacktrace]
#0 C:\\laragon\\www\\legacy-app\\vendor\\laravel\\framework\\src\\Illuminate\\Foundation\\PackageManifest.php(131): Illuminate\\Foundation\\PackageManifest->write(Array)
#1 C:\\laragon\\www\\legacy-app\\vendor\\laravel\\framework\\src\\Illuminate\\Foundation\\PackageManifest.php(107): Illuminate\\Foundation\\PackageManifest->build()
#2 C:\\laragon\\www\\legacy-app\\vendor\\laravel\\framework\\src\\Illuminate\\Foundation\\PackageManifest.php(90): Illuminate\\Foundation\\PackageManifest->getManifest()
#3 C:\\laragon\\www\\legacy-app\\vendor\\laravel\\framework\\src\\Illuminate\\Foundation\\PackageManifest.php(79): Illuminate\\Foundation\\PackageManifest->config('aliases')
#4 C:\\laragon\\www\\legacy-app\\vendor\\laravel\\framework\\src\\Illuminate\\Foundation\\Bootstrap\\RegisterFacades.php(26): Illuminate\\Foundation\\PackageManifest->aliases()
#5 C:\\laragon\\www\\legacy-app\\vendor\\laravel\\framework\\src\\Illuminate\\Foundation\\Application.php(261): Illuminate\\Foundation\\Bootstrap\\RegisterFacades->bootstrap(Object(Illuminate\\Foundation\\Application))
#6 C:\\laragon\\www\\legacy-app\\vendor\\laravel\\framework\\src\\Illuminate\\Foundation\\Console\\Kernel.php(447): Illuminate\\Foundation\\Application->bootstrapWith(Array)
#7 C:\\laragon\\www\\legacy-app\\vendor\\laravel\\framework\\src\\Illuminate\\Foundation\\Console\\Kernel.php(199): Illuminate\\Foundation\\Console\\Kernel->bootstrap()
#8 Command line code(1): Illuminate\\Foundation\\Console\\Kernel->handle(Object(Symfony\\Component\\Console\\Input\\ArgvInput), Object(Symfony\\Component\\Console\\Output\\ConsoleOutput))
#9 {main}
"} 
[2025-09-08 08:13:09] production.ERROR: The C:\laragon\www\legacy-app\bootstrap\cache directory must be present and writable. {"exception":"[object] (Exception(code: 0): The C:\\laragon\\www\\legacy-app\\bootstrap\\cache directory must be present and writable. at C:\\laragon\\www\\legacy-app\\vendor\\laravel\\framework\\src\\Illuminate\\Foundation\\PackageManifest.php:178)
[stacktrace]
#0 C:\\laragon\\www\\legacy-app\\vendor\\laravel\\framework\\src\\Illuminate\\Foundation\\PackageManifest.php(131): Illuminate\\Foundation\\PackageManifest->write(Array)
#1 C:\\laragon\\www\\legacy-app\\vendor\\laravel\\framework\\src\\Illuminate\\Foundation\\PackageManifest.php(107): Illuminate\\Foundation\\PackageManifest->build()
#2 C:\\laragon\\www\\legacy-app\\vendor\\laravel\\framework\\src\\Illuminate\\Foundation\\PackageManifest.php(90): Illuminate\\Foundation\\PackageManifest->getManifest()
#3 C:\\laragon\\www\\legacy-app\\vendor\\laravel\\framework\\src\\Illuminate\\Foundation\\PackageManifest.php(79): Illuminate\\Foundation\\PackageManifest->config('aliases')
#4 C:\\laragon\\www\\legacy-app\\vendor\\laravel\\framework\\src\\Illuminate\\Foundation\\Bootstrap\\RegisterFacades.php(26): Illuminate\\Foundation\\PackageManifest->aliases()
#5 C:\\laragon\\www\\legacy-app\\vendor\\laravel\\framework\\src\\Illuminate\\Foundation\\Application.php(261): Illuminate\\Foundation\\Bootstrap\\RegisterFacades->bootstrap(Object(Illuminate\\Foundation\\Application))
#6 C:\\laragon\\www\\legacy-app\\vendor\\laravel\\framework\\src\\Illuminate\\Foundation\\Console\\Kernel.php(447): Illuminate\\Foundation\\Application->bootstrapWith(Array)
#7 C:\\laragon\\www\\legacy-app\\vendor\\laravel\\framework\\src\\Illuminate\\Foundation\\Console\\Kernel.php(199): Illuminate\\Foundation\\Console\\Kernel->bootstrap()
#8 Command line code(1): Illuminate\\Foundation\\Console\\Kernel->handle(Object(Symfony\\Component\\Console\\Input\\ArgvInput), Object(Symfony\\Component\\Console\\Output\\ConsoleOutput))
#9 {main}
"} 
[2025-09-08 08:13:09] production.ERROR: The C:\laragon\www\legacy-app\bootstrap\cache directory must be present and writable. {"exception":"[object] (Exception(code: 0): The C:\\laragon\\www\\legacy-app\\bootstrap\\cache directory must be present and writable. at C:\\laragon\\www\\legacy-app\\vendor\\laravel\\framework\\src\\Illuminate\\Foundation\\PackageManifest.php:178)
[stacktrace]
#0 C:\\laragon\\www\\legacy-app\\vendor\\laravel\\framework\\src\\Illuminate\\Foundation\\PackageManifest.php(131): Illuminate\\Foundation\\PackageManifest->write(Array)
#1 C:\\laragon\\www\\legacy-app\\vendor\\laravel\\framework\\src\\Illuminate\\Foundation\\PackageManifest.php(107): Illuminate\\Foundation\\PackageManifest->build()
#2 C:\\laragon\\www\\legacy-app\\vendor\\laravel\\framework\\src\\Illuminate\\Foundation\\PackageManifest.php(90): Illuminate\\Foundation\\PackageManifest->getManifest()
#3 C:\\laragon\\www\\legacy-app\\vendor\\laravel\\framework\\src\\Illuminate\\Foundation\\PackageManifest.php(79): Illuminate\\Foundation\\PackageManifest->config('aliases')
#4 C:\\laragon\\www\\legacy-app\\vendor\\laravel\\framework\\src\\Illuminate\\Foundation\\Bootstrap\\RegisterFacades.php(26): Illuminate\\Foundation\\PackageManifest->aliases()
#5 C:\\laragon\\www\\legacy-app\\vendor\\laravel\\framework\\src\\Illuminate\\Foundation\\Application.php(261): Illuminate\\Foundation\\Bootstrap\\RegisterFacades->bootstrap(Object(Illuminate\\Foundation\\Application))
#6 C:\\laragon\\www\\legacy-app\\vendor\\laravel\\framework\\src\\Illuminate\\Foundation\\Console\\Kernel.php(447): Illuminate\\Foundation\\Application->bootstrapWith(Array)
#7 C:\\laragon\\www\\legacy-app\\vendor\\laravel\\framework\\src\\Illuminate\\Foundation\\Console\\Kernel.php(199): Illuminate\\Foundation\\Console\\Kernel->bootstrap()
#8 Command line code(1): Illuminate\\Foundation\\Console\\Kernel->handle(Object(Symfony\\Component\\Console\\Input\\ArgvInput), Object(Symfony\\Component\\Console\\Output\\ConsoleOutput))
#9 {main}
"} 
[2025-09-08 08:13:09] production.ERROR: The C:\laragon\www\legacy-app\bootstrap\cache directory must be present and writable. {"exception":"[object] (Exception(code: 0): The C:\\laragon\\www\\legacy-app\\bootstrap\\cache directory must be present and writable. at C:\\laragon\\www\\legacy-app\\vendor\\laravel\\framework\\src\\Illuminate\\Foundation\\PackageManifest.php:178)
[stacktrace]
#0 C:\\laragon\\www\\legacy-app\\vendor\\laravel\\framework\\src\\Illuminate\\Foundation\\PackageManifest.php(131): Illuminate\\Foundation\\PackageManifest->write(Array)
#1 C:\\laragon\\www\\legacy-app\\vendor\\laravel\\framework\\src\\Illuminate\\Foundation\\PackageManifest.php(107): Illuminate\\Foundation\\PackageManifest->build()
#2 C:\\laragon\\www\\legacy-app\\vendor\\laravel\\framework\\src\\Illuminate\\Foundation\\PackageManifest.php(90): Illuminate\\Foundation\\PackageManifest->getManifest()
#3 C:\\laragon\\www\\legacy-app\\vendor\\laravel\\framework\\src\\Illuminate\\Foundation\\PackageManifest.php(79): Illuminate\\Foundation\\PackageManifest->config('aliases')
#4 C:\\laragon\\www\\legacy-app\\vendor\\laravel\\framework\\src\\Illuminate\\Foundation\\Bootstrap\\RegisterFacades.php(26): Illuminate\\Foundation\\PackageManifest->aliases()
#5 C:\\laragon\\www\\legacy-app\\vendor\\laravel\\framework\\src\\Illuminate\\Foundation\\Application.php(261): Illuminate\\Foundation\\Bootstrap\\RegisterFacades->bootstrap(Object(Illuminate\\Foundation\\Application))
#6 C:\\laragon\\www\\legacy-app\\vendor\\laravel\\framework\\src\\Illuminate\\Foundation\\Console\\Kernel.php(447): Illuminate\\Foundation\\Application->bootstrapWith(Array)
#7 C:\\laragon\\www\\legacy-app\\vendor\\laravel\\framework\\src\\Illuminate\\Foundation\\Console\\Kernel.php(199): Illuminate\\Foundation\\Console\\Kernel->bootstrap()
#8 Command line code(1): Illuminate\\Foundation\\Console\\Kernel->handle(Object(Symfony\\Component\\Console\\Input\\ArgvInput), Object(Symfony\\Component\\Console\\Output\\ConsoleOutput))
#9 {main}
"} 
[2025-09-08 08:13:09] production.ERROR: The C:\laragon\www\legacy-app\bootstrap\cache directory must be present and writable. {"exception":"[object] (Exception(code: 0): The C:\\laragon\\www\\legacy-app\\bootstrap\\cache directory must be present and writable. at C:\\laragon\\www\\legacy-app\\vendor\\laravel\\framework\\src\\Illuminate\\Foundation\\PackageManifest.php:178)
[stacktrace]
#0 C:\\laragon\\www\\legacy-app\\vendor\\laravel\\framework\\src\\Illuminate\\Foundation\\PackageManifest.php(131): Illuminate\\Foundation\\PackageManifest->write(Array)
#1 C:\\laragon\\www\\legacy-app\\vendor\\laravel\\framework\\src\\Illuminate\\Foundation\\PackageManifest.php(107): Illuminate\\Foundation\\PackageManifest->build()
#2 C:\\laragon\\www\\legacy-app\\vendor\\laravel\\framework\\src\\Illuminate\\Foundation\\PackageManifest.php(90): Illuminate\\Foundation\\PackageManifest->getManifest()
#3 C:\\laragon\\www\\legacy-app\\vendor\\laravel\\framework\\src\\Illuminate\\Foundation\\PackageManifest.php(79): Illuminate\\Foundation\\PackageManifest->config('aliases')
#4 C:\\laragon\\www\\legacy-app\\vendor\\laravel\\framework\\src\\Illuminate\\Foundation\\Bootstrap\\RegisterFacades.php(26): Illuminate\\Foundation\\PackageManifest->aliases()
#5 C:\\laragon\\www\\legacy-app\\vendor\\laravel\\framework\\src\\Illuminate\\Foundation\\Application.php(261): Illuminate\\Foundation\\Bootstrap\\RegisterFacades->bootstrap(Object(Illuminate\\Foundation\\Application))
#6 C:\\laragon\\www\\legacy-app\\vendor\\laravel\\framework\\src\\Illuminate\\Foundation\\Console\\Kernel.php(447): Illuminate\\Foundation\\Application->bootstrapWith(Array)
#7 C:\\laragon\\www\\legacy-app\\vendor\\laravel\\framework\\src\\Illuminate\\Foundation\\Console\\Kernel.php(199): Illuminate\\Foundation\\Console\\Kernel->bootstrap()
#8 Command line code(1): Illuminate\\Foundation\\Console\\Kernel->handle(Object(Symfony\\Component\\Console\\Input\\ArgvInput), Object(Symfony\\Component\\Console\\Output\\ConsoleOutput))
#9 {main}
"} 
[2025-09-08 08:13:09] production.ERROR: The C:\laragon\www\legacy-app\bootstrap\cache directory must be present and writable. {"exception":"[object] (Exception(code: 0): The C:\\laragon\\www\\legacy-app\\bootstrap\\cache directory must be present and writable. at C:\\laragon\\www\\legacy-app\\vendor\\laravel\\framework\\src\\Illuminate\\Foundation\\PackageManifest.php:178)
[stacktrace]
#0 C:\\laragon\\www\\legacy-app\\vendor\\laravel\\framework\\src\\Illuminate\\Foundation\\PackageManifest.php(131): Illuminate\\Foundation\\PackageManifest->write(Array)
#1 C:\\laragon\\www\\legacy-app\\vendor\\laravel\\framework\\src\\Illuminate\\Foundation\\PackageManifest.php(107): Illuminate\\Foundation\\PackageManifest->build()
#2 C:\\laragon\\www\\legacy-app\\vendor\\laravel\\framework\\src\\Illuminate\\Foundation\\PackageManifest.php(90): Illuminate\\Foundation\\PackageManifest->getManifest()
#3 C:\\laragon\\www\\legacy-app\\vendor\\laravel\\framework\\src\\Illuminate\\Foundation\\PackageManifest.php(79): Illuminate\\Foundation\\PackageManifest->config('aliases')
#4 C:\\laragon\\www\\legacy-app\\vendor\\laravel\\framework\\src\\Illuminate\\Foundation\\Bootstrap\\RegisterFacades.php(26): Illuminate\\Foundation\\PackageManifest->aliases()
#5 C:\\laragon\\www\\legacy-app\\vendor\\laravel\\framework\\src\\Illuminate\\Foundation\\Application.php(261): Illuminate\\Foundation\\Bootstrap\\RegisterFacades->bootstrap(Object(Illuminate\\Foundation\\Application))
#6 C:\\laragon\\www\\legacy-app\\vendor\\laravel\\framework\\src\\Illuminate\\Foundation\\Console\\Kernel.php(447): Illuminate\\Foundation\\Application->bootstrapWith(Array)
#7 C:\\laragon\\www\\legacy-app\\vendor\\laravel\\framework\\src\\Illuminate\\Foundation\\Console\\Kernel.php(199): Illuminate\\Foundation\\Console\\Kernel->bootstrap()
#8 Command line code(1): Illuminate\\Foundation\\Console\\Kernel->handle(Object(Symfony\\Component\\Console\\Input\\ArgvInput), Object(Symfony\\Component\\Console\\Output\\ConsoleOutput))
#9 {main}
"} 
[2025-09-08 08:13:10] production.ERROR: __VSCODE_LARAVEL_STARTUP_ERROR__: The C:\laragon\www\legacy-app\bootstrap\cache directory must be present and writable. {"exception":"[object] (Error(code: 0): __VSCODE_LARAVEL_STARTUP_ERROR__: The C:\\laragon\\www\\legacy-app\\bootstrap\\cache directory must be present and writable. at C:\\laragon\\www\\legacy-app\\vendor\\_laravel_ide\\discover-31b934f114eabc246b541addb8b458e3.php:33)
[stacktrace]
#0 C:\\laragon\\www\\legacy-app\\vendor\\_laravel_ide\\discover-31b934f114eabc246b541addb8b458e3.php(62): LaravelVsCode::startupError(Object(Exception))
#1 {main}
"} 
[2025-09-08 08:13:10] production.ERROR: __VSCODE_LARAVEL_STARTUP_ERROR__: The C:\laragon\www\legacy-app\bootstrap\cache directory must be present and writable. {"exception":"[object] (Error(code: 0): __VSCODE_LARAVEL_STARTUP_ERROR__: The C:\\laragon\\www\\legacy-app\\bootstrap\\cache directory must be present and writable. at C:\\laragon\\www\\legacy-app\\vendor\\_laravel_ide\\discover-d65bb7343c1593c04a323211e6bd1f9a.php:33)
[stacktrace]
#0 C:\\laragon\\www\\legacy-app\\vendor\\_laravel_ide\\discover-d65bb7343c1593c04a323211e6bd1f9a.php(62): LaravelVsCode::startupError(Object(Exception))
#1 {main}
"} 
[2025-09-08 08:13:10] production.ERROR: __VSCODE_LARAVEL_STARTUP_ERROR__: The C:\laragon\www\legacy-app\bootstrap\cache directory must be present and writable. {"exception":"[object] (Error(code: 0): __VSCODE_LARAVEL_STARTUP_ERROR__: The C:\\laragon\\www\\legacy-app\\bootstrap\\cache directory must be present and writable. at C:\\laragon\\www\\legacy-app\\vendor\\_laravel_ide\\discover-6d96201ad95cad12367117063c707ebf.php:33)
[stacktrace]
#0 C:\\laragon\\www\\legacy-app\\vendor\\_laravel_ide\\discover-6d96201ad95cad12367117063c707ebf.php(62): LaravelVsCode::startupError(Object(Exception))
#1 {main}
"} 
[2025-09-08 08:13:10] production.ERROR: __VSCODE_LARAVEL_STARTUP_ERROR__: The C:\laragon\www\legacy-app\bootstrap\cache directory must be present and writable. {"exception":"[object] (Error(code: 0): __VSCODE_LARAVEL_STARTUP_ERROR__: The C:\\laragon\\www\\legacy-app\\bootstrap\\cache directory must be present and writable. at C:\\laragon\\www\\legacy-app\\vendor\\_laravel_ide\\discover-b2238725d3a9b1f49ec262da9e63ff86.php:33)
[stacktrace]
#0 C:\\laragon\\www\\legacy-app\\vendor\\_laravel_ide\\discover-b2238725d3a9b1f49ec262da9e63ff86.php(62): LaravelVsCode::startupError(Object(Exception))
#1 {main}
"} 
[2025-09-08 08:13:10] production.ERROR: __VSCODE_LARAVEL_STARTUP_ERROR__: The C:\laragon\www\legacy-app\bootstrap\cache directory must be present and writable. {"exception":"[object] (Error(code: 0): __VSCODE_LARAVEL_STARTUP_ERROR__: The C:\\laragon\\www\\legacy-app\\bootstrap\\cache directory must be present and writable. at C:\\laragon\\www\\legacy-app\\vendor\\_laravel_ide\\discover-79de9752f999b6e261cd05abba67a5ce.php:33)
[stacktrace]
#0 C:\\laragon\\www\\legacy-app\\vendor\\_laravel_ide\\discover-79de9752f999b6e261cd05abba67a5ce.php(62): LaravelVsCode::startupError(Object(Exception))
#1 {main}
"} 
[2025-09-08 08:13:10] production.ERROR: __VSCODE_LARAVEL_STARTUP_ERROR__: The C:\laragon\www\legacy-app\bootstrap\cache directory must be present and writable. {"exception":"[object] (Error(code: 0): __VSCODE_LARAVEL_STARTUP_ERROR__: The C:\\laragon\\www\\legacy-app\\bootstrap\\cache directory must be present and writable. at C:\\laragon\\www\\legacy-app\\vendor\\_laravel_ide\\discover-1e7ea3cf42a2f9b84f3de09530e2c135.php:33)
[stacktrace]
#0 C:\\laragon\\www\\legacy-app\\vendor\\_laravel_ide\\discover-1e7ea3cf42a2f9b84f3de09530e2c135.php(62): LaravelVsCode::startupError(Object(Exception))
#1 {main}
"} 
[2025-09-08 08:13:10] production.ERROR: __VSCODE_LARAVEL_STARTUP_ERROR__: The C:\laragon\www\legacy-app\bootstrap\cache directory must be present and writable. {"exception":"[object] (Error(code: 0): __VSCODE_LARAVEL_STARTUP_ERROR__: The C:\\laragon\\www\\legacy-app\\bootstrap\\cache directory must be present and writable. at C:\\laragon\\www\\legacy-app\\vendor\\_laravel_ide\\discover-6fd83ab5fb3f0a7e73c08ddae18f9934.php:33)
[stacktrace]
#0 C:\\laragon\\www\\legacy-app\\vendor\\_laravel_ide\\discover-6fd83ab5fb3f0a7e73c08ddae18f9934.php(62): LaravelVsCode::startupError(Object(Exception))
#1 {main}
"} 
[2025-09-08 08:13:10] production.ERROR: __VSCODE_LARAVEL_STARTUP_ERROR__: The C:\laragon\www\legacy-app\bootstrap\cache directory must be present and writable. {"exception":"[object] (Error(code: 0): __VSCODE_LARAVEL_STARTUP_ERROR__: The C:\\laragon\\www\\legacy-app\\bootstrap\\cache directory must be present and writable. at C:\\laragon\\www\\legacy-app\\vendor\\_laravel_ide\\discover-5802e590a92e23606bb54d2909564178.php:33)
[stacktrace]
#0 C:\\laragon\\www\\legacy-app\\vendor\\_laravel_ide\\discover-5802e590a92e23606bb54d2909564178.php(62): LaravelVsCode::startupError(Object(Exception))
#1 {main}
"} 
[2025-09-08 08:13:10] production.ERROR: __VSCODE_LARAVEL_STARTUP_ERROR__: The C:\laragon\www\legacy-app\bootstrap\cache directory must be present and writable. {"exception":"[object] (Error(code: 0): __VSCODE_LARAVEL_STARTUP_ERROR__: The C:\\laragon\\www\\legacy-app\\bootstrap\\cache directory must be present and writable. at C:\\laragon\\www\\legacy-app\\vendor\\_laravel_ide\\discover-f6c2bb05e77ee582c501379f6998f2c4.php:33)
[stacktrace]
#0 C:\\laragon\\www\\legacy-app\\vendor\\_laravel_ide\\discover-f6c2bb05e77ee582c501379f6998f2c4.php(62): LaravelVsCode::startupError(Object(Exception))
#1 {main}
"} 
[2025-09-08 08:13:10] production.ERROR: __VSCODE_LARAVEL_STARTUP_ERROR__: The C:\laragon\www\legacy-app\bootstrap\cache directory must be present and writable. {"exception":"[object] (Error(code: 0): __VSCODE_LARAVEL_STARTUP_ERROR__: The C:\\laragon\\www\\legacy-app\\bootstrap\\cache directory must be present and writable. at C:\\laragon\\www\\legacy-app\\vendor\\_laravel_ide\\discover-739c51cbd2b78369222c3575c94c5ee8.php:33)
[stacktrace]
#0 C:\\laragon\\www\\legacy-app\\vendor\\_laravel_ide\\discover-739c51cbd2b78369222c3575c94c5ee8.php(62): LaravelVsCode::startupError(Object(Exception))
#1 {main}
"} 
[2025-09-08 08:13:10] production.ERROR: __VSCODE_LARAVEL_STARTUP_ERROR__: The C:\laragon\www\legacy-app\bootstrap\cache directory must be present and writable. {"exception":"[object] (Error(code: 0): __VSCODE_LARAVEL_STARTUP_ERROR__: The C:\\laragon\\www\\legacy-app\\bootstrap\\cache directory must be present and writable. at C:\\laragon\\www\\legacy-app\\vendor\\_laravel_ide\\discover-77e9e6a2445455b87d4f4cd834e4e23d.php:33)
[stacktrace]
#0 C:\\laragon\\www\\legacy-app\\vendor\\_laravel_ide\\discover-77e9e6a2445455b87d4f4cd834e4e23d.php(62): LaravelVsCode::startupError(Object(Exception))
#1 {main}
"} 
[2025-09-08 08:13:10] production.ERROR: __VSCODE_LARAVEL_STARTUP_ERROR__: The C:\laragon\www\legacy-app\bootstrap\cache directory must be present and writable. {"exception":"[object] (Error(code: 0): __VSCODE_LARAVEL_STARTUP_ERROR__: The C:\\laragon\\www\\legacy-app\\bootstrap\\cache directory must be present and writable. at C:\\laragon\\www\\legacy-app\\vendor\\_laravel_ide\\discover-7563160ca998bde672640aa1e68dfd08.php:33)
[stacktrace]
#0 C:\\laragon\\www\\legacy-app\\vendor\\_laravel_ide\\discover-7563160ca998bde672640aa1e68dfd08.php(62): LaravelVsCode::startupError(Object(Exception))
#1 {main}
"} 
[2025-09-08 08:13:11] production.ERROR: __VSCODE_LARAVEL_STARTUP_ERROR__: The C:\laragon\www\legacy-app\bootstrap\cache directory must be present and writable. {"exception":"[object] (Error(code: 0): __VSCODE_LARAVEL_STARTUP_ERROR__: The C:\\laragon\\www\\legacy-app\\bootstrap\\cache directory must be present and writable. at C:\\laragon\\www\\legacy-app\\vendor\\_laravel_ide\\discover-476fe65492650d7ce55de1f8f96024c5.php:33)
[stacktrace]
#0 C:\\laragon\\www\\legacy-app\\vendor\\_laravel_ide\\discover-476fe65492650d7ce55de1f8f96024c5.php(62): LaravelVsCode::startupError(Object(Exception))
#1 {main}
"} 
